<?xml version="1.0" encoding="UTF-8"?>
<testng-results ignored="0" total="2" passed="2" failed="0" skipped="0">
  <reporter-output>
  </reporter-output>
  <suite started-at="2022-03-31T14:56:14 IST" name="Suite" finished-at="2022-03-31T14:56:25 IST" duration-ms="11204">
    <groups>
    </groups>
    <test started-at="2022-03-31T14:56:14 IST" name="Test" finished-at="2022-03-31T14:56:25 IST" duration-ms="11204">
      <class name="tests.first">
        <test-method is-config="true" signature="setUp()[pri:0, instance:tests.first@57d7f8ca]" started-at="2022-03-31T14:56:14 IST" name="setUp" finished-at="2022-03-31T14:56:18 IST" duration-ms="4037" status="PASS">
          <reporter-output>
          </reporter-output>
        </test-method> <!-- setUp -->
        <test-method signature="testOne()[pri:0, instance:tests.first@57d7f8ca]" started-at="2022-03-31T14:56:18 IST" name="testOne" finished-at="2022-03-31T14:56:20 IST" duration-ms="1695" status="PASS">
          <reporter-output>
          </reporter-output>
        </test-method> <!-- testOne -->
        <test-method is-config="true" signature="tearDown()[pri:0, instance:tests.first@57d7f8ca]" started-at="2022-03-31T14:56:20 IST" name="tearDown" finished-at="2022-03-31T14:56:20 IST" duration-ms="261" status="PASS">
          <reporter-output>
          </reporter-output>
        </test-method> <!-- tearDown -->
      </class> <!-- tests.first -->
      <class name="tests.second">
        <test-method is-config="true" signature="setUp()[pri:0, instance:tests.second@bae7dc0]" started-at="2022-03-31T14:56:20 IST" name="setUp" finished-at="2022-03-31T14:56:22 IST" duration-ms="1820" status="PASS">
          <reporter-output>
          </reporter-output>
        </test-method> <!-- setUp -->
        <test-method signature="testTwo()[pri:0, instance:tests.second@bae7dc0]" started-at="2022-03-31T14:56:22 IST" name="testTwo" finished-at="2022-03-31T14:56:25 IST" duration-ms="3033" status="PASS">
          <reporter-output>
          </reporter-output>
        </test-method> <!-- testTwo -->
        <test-method is-config="true" signature="tearDown()[pri:0, instance:tests.second@bae7dc0]" started-at="2022-03-31T14:56:25 IST" name="tearDown" finished-at="2022-03-31T14:56:25 IST" duration-ms="319" status="PASS">
          <reporter-output>
          </reporter-output>
        </test-method> <!-- tearDown -->
      </class> <!-- tests.second -->
    </test> <!-- Test -->
  </suite> <!-- Suite -->
</testng-results>
